<?xml version="1.0" encoding="UTF-8" ?>
<testsuite errors="0" failures="0" name="edu.wustl.geneconnect.testCase.GeneConnectTestSuite" tests="4" time="41.51">
  <testcase classname="edu.wustl.geneconnect.testCase.SimpleSearchTest" name="testSimpleUseCase" time="12.068"></testcase>
  <testcase classname="edu.wustl.geneconnect.testCase.SearchWithConfidenceTest" name="testSimpleUseCase" time="10.016"></testcase>
  <testcase classname="edu.wustl.geneconnect.testCase.SearchWithFrequencyTest" name="test" time="9.867"></testcase>
  <testcase classname="edu.wustl.geneconnect.testCase.SearchWithOntTest" name="testSimpleUseCase" time="9.151"></testcase>
  <system-out><![CDATA[

-------------------------------------------------
Excecuting Simple Search Test case
Set ID 	Ensembl Gene	UniGene	Ensembl Transcript	Ensembl Protein	Confidence Score
1231144	ENSG00000120738	Hs.326035	ENST00000239938	ENSP00000239938	0.7692308
Associated Order of Node traversal with Set: 1231144
	1: Ensembl Transcript--DIRECT--Ensembl Protein--DIRECT--UniProtKB--DIRECT--RefSeq Protein--DIRECT--RefSeq mRNA--DIRECT--Entrez Gene--INFERRED--Ensembl Gene--DIRECT--UniGene
	2: Ensembl Gene--DIRECT--Ensembl Transcript--DIRECT--Ensembl Protein--DIRECT--UniProtKB--DIRECT--RefSeq Protein--DIRECT--RefSeq mRNA--DIRECT--Entrez Gene--DIRECT--UniGene
	3: Ensembl Transcript--DIRECT--Ensembl Protein--DIRECT--UniProtKB--DIRECT--RefSeq Protein--DIRECT--RefSeq mRNA--DIRECT--Entrez Gene--DIRECT--UniGene--INFERRED--Ensembl Gene
	4: Ensembl Protein--DIRECT--UniProtKB--DIRECT--RefSeq Protein--DIRECT--RefSeq mRNA--INFERRED--Ensembl Transcript--DIRECT--Ensembl Gene--DIRECT--Entrez Gene--DIRECT--UniGene
	5: Ensembl Protein--DIRECT--UniProtKB--DIRECT--RefSeq Protein--DIRECT--RefSeq mRNA--DIRECT--Entrez Gene--DIRECT--UniGene--INFERRED--Ensembl Gene--DIRECT--Ensembl Transcript
1231151	ENSG00000120738	Hs.326035	ENST00000239938	ENSP00000239938	0.7692308
Associated Order of Node traversal with Set: 1231151
	1: Ensembl Protein--DIRECT--RefSeq Protein--DIRECT--RefSeq mRNA--DIRECT--Entrez Gene--DIRECT--UniGene--INFERRED--Ensembl Gene--DIRECT--Ensembl Transcript
	2: Ensembl Protein--DIRECT--RefSeq Protein--DIRECT--RefSeq mRNA--INFERRED--Ensembl Transcript--DIRECT--Ensembl Gene--DIRECT--Entrez Gene--DIRECT--UniGene
	3: Ensembl Transcript--DIRECT--Ensembl Protein--DIRECT--RefSeq Protein--DIRECT--RefSeq mRNA--DIRECT--Entrez Gene--DIRECT--UniGene--INFERRED--Ensembl Gene
	4: Ensembl Gene--DIRECT--Ensembl Transcript--DIRECT--Ensembl Protein--DIRECT--RefSeq Protein--DIRECT--RefSeq mRNA--DIRECT--Entrez Gene--DIRECT--UniGene
	5: Ensembl Transcript--DIRECT--Ensembl Protein--DIRECT--RefSeq Protein--DIRECT--RefSeq mRNA--DIRECT--Entrez Gene--INFERRED--Ensembl Gene--DIRECT--UniGene
1231152	ENSG00000120738	Hs.326035	ENST00000239938	ENSP00000239938	0.7692308
Associated Order of Node traversal with Set: 1231152
	1: UniGene--INFERRED--Ensembl Gene--DIRECT--Entrez Gene--DIRECT--RefSeq mRNA--INFERRED--Ensembl Transcript--DIRECT--Ensembl Protein
	2: Ensembl Gene--DIRECT--UniGene--DIRECT--Entrez Gene--DIRECT--RefSeq mRNA--INFERRED--Ensembl Transcript--DIRECT--Ensembl Protein
	3: Ensembl Protein--DIRECT--Ensembl Transcript--DIRECT--RefSeq mRNA--DIRECT--Entrez Gene--DIRECT--UniGene--INFERRED--Ensembl Gene
	4: Ensembl Protein--DIRECT--Ensembl Transcript--DIRECT--RefSeq mRNA--DIRECT--Entrez Gene--INFERRED--Ensembl Gene--DIRECT--UniGene
1231163	ENSG00000120738	Hs.326035	ENST00000239938	ENSP00000239938	0.7692308
Associated Order of Node traversal with Set: 1231163
	1: UniGene--DIRECT--Entrez Gene--INFERRED--Ensembl Gene--DIRECT--Ensembl Transcript--DIRECT--Ensembl Protein
	2: Ensembl Protein--DIRECT--Ensembl Transcript--DIRECT--Ensembl Gene--DIRECT--Entrez Gene--DIRECT--UniGene
1231189	ENSG00000120738	Hs.326035	ENST00000239938	ENSP00000239938	0.7692308
Associated Order of Node traversal with Set: 1231189
	1: Ensembl Protein--DIRECT--UniProtKB--DIRECT--RefSeq Protein--DIRECT--RefSeq mRNA--INFERRED--Ensembl Transcript--DIRECT--Ensembl Gene--DIRECT--UniGene
1231192	ENSG00000120738	Hs.326035	ENST00000239938	ENSP00000239938	0.7692308
Associated Order of Node traversal with Set: 1231192
	1: Ensembl Protein--DIRECT--RefSeq Protein--DIRECT--RefSeq mRNA--INFERRED--Ensembl Transcript--DIRECT--Ensembl Gene--DIRECT--UniGene
1231203	ENSG00000120738	Hs.326035	ENST00000239938	ENSP00000239938	0.7692308
Associated Order of Node traversal with Set: 1231203
	1: Ensembl Protein--DIRECT--Ensembl Transcript--DIRECT--Ensembl Gene--DIRECT--UniGene
	2: UniGene--INFERRED--Ensembl Gene--DIRECT--Ensembl Transcript--DIRECT--Ensembl Protein
5587986	ENSG00000120738	Hs.634208	ENST00000239938	ENSP00000239938	0.23076923
Associated Order of Node traversal with Set: 5587986
	1: Ensembl Gene--DIRECT--Ensembl Transcript--DIRECT--Ensembl Protein--DIRECT--UniProtKB--DIRECT--RefSeq Protein--DIRECT--RefSeq mRNA--DIRECT--Entrez Gene--DIRECT--UniGene
	2: Ensembl Protein--DIRECT--UniProtKB--DIRECT--RefSeq Protein--DIRECT--RefSeq mRNA--INFERRED--Ensembl Transcript--DIRECT--Ensembl Gene--DIRECT--Entrez Gene--DIRECT--UniGene
5587989	ENSG00000120738	Hs.634208	ENST00000239938	ENSP00000239938	0.23076923
Associated Order of Node traversal with Set: 5587989
	1: Ensembl Protein--DIRECT--RefSeq Protein--DIRECT--RefSeq mRNA--INFERRED--Ensembl Transcript--DIRECT--Ensembl Gene--DIRECT--Entrez Gene--DIRECT--UniGene
	2: Ensembl Gene--DIRECT--Ensembl Transcript--DIRECT--Ensembl Protein--DIRECT--RefSeq Protein--DIRECT--RefSeq mRNA--DIRECT--Entrez Gene--DIRECT--UniGene
5588000	ENSG00000120738	Hs.634208	ENST00000239938	ENSP00000239938	0.23076923
Associated Order of Node traversal with Set: 5588000
	1: UniGene--DIRECT--Entrez Gene--INFERRED--Ensembl Gene--DIRECT--Ensembl Transcript--DIRECT--Ensembl Protein
	2: Ensembl Protein--DIRECT--Ensembl Transcript--DIRECT--Ensembl Gene--DIRECT--Entrez Gene--DIRECT--UniGene


-------------------------------------------------
Executing Search with Confidence Score criteria Test case
Set ID 	Ensembl Gene	UniGene	Ensembl Transcript	Ensembl Protein	Confidence Score
1231144	ENSG00000120738	Hs.326035	ENST00000239938	ENSP00000239938	0.7692308
Associated Order of Node traversal with Set: 1231144
	1: Ensembl Transcript--DIRECT--Ensembl Protein--DIRECT--UniProtKB--DIRECT--RefSeq Protein--DIRECT--RefSeq mRNA--DIRECT--Entrez Gene--INFERRED--Ensembl Gene--DIRECT--UniGene
	2: Ensembl Gene--DIRECT--Ensembl Transcript--DIRECT--Ensembl Protein--DIRECT--UniProtKB--DIRECT--RefSeq Protein--DIRECT--RefSeq mRNA--DIRECT--Entrez Gene--DIRECT--UniGene
	3: Ensembl Transcript--DIRECT--Ensembl Protein--DIRECT--UniProtKB--DIRECT--RefSeq Protein--DIRECT--RefSeq mRNA--DIRECT--Entrez Gene--DIRECT--UniGene--INFERRED--Ensembl Gene
	4: Ensembl Protein--DIRECT--UniProtKB--DIRECT--RefSeq Protein--DIRECT--RefSeq mRNA--INFERRED--Ensembl Transcript--DIRECT--Ensembl Gene--DIRECT--Entrez Gene--DIRECT--UniGene
	5: Ensembl Protein--DIRECT--UniProtKB--DIRECT--RefSeq Protein--DIRECT--RefSeq mRNA--DIRECT--Entrez Gene--DIRECT--UniGene--INFERRED--Ensembl Gene--DIRECT--Ensembl Transcript
1231151	ENSG00000120738	Hs.326035	ENST00000239938	ENSP00000239938	0.7692308
Associated Order of Node traversal with Set: 1231151
	1: Ensembl Protein--DIRECT--RefSeq Protein--DIRECT--RefSeq mRNA--DIRECT--Entrez Gene--DIRECT--UniGene--INFERRED--Ensembl Gene--DIRECT--Ensembl Transcript
	2: Ensembl Protein--DIRECT--RefSeq Protein--DIRECT--RefSeq mRNA--INFERRED--Ensembl Transcript--DIRECT--Ensembl Gene--DIRECT--Entrez Gene--DIRECT--UniGene
	3: Ensembl Transcript--DIRECT--Ensembl Protein--DIRECT--RefSeq Protein--DIRECT--RefSeq mRNA--DIRECT--Entrez Gene--DIRECT--UniGene--INFERRED--Ensembl Gene
	4: Ensembl Gene--DIRECT--Ensembl Transcript--DIRECT--Ensembl Protein--DIRECT--RefSeq Protein--DIRECT--RefSeq mRNA--DIRECT--Entrez Gene--DIRECT--UniGene
	5: Ensembl Transcript--DIRECT--Ensembl Protein--DIRECT--RefSeq Protein--DIRECT--RefSeq mRNA--DIRECT--Entrez Gene--INFERRED--Ensembl Gene--DIRECT--UniGene
1231152	ENSG00000120738	Hs.326035	ENST00000239938	ENSP00000239938	0.7692308
Associated Order of Node traversal with Set: 1231152
	1: Ensembl Gene--DIRECT--UniGene--DIRECT--Entrez Gene--DIRECT--RefSeq mRNA--INFERRED--Ensembl Transcript--DIRECT--Ensembl Protein
	2: UniGene--INFERRED--Ensembl Gene--DIRECT--Entrez Gene--DIRECT--RefSeq mRNA--INFERRED--Ensembl Transcript--DIRECT--Ensembl Protein
	3: Ensembl Protein--DIRECT--Ensembl Transcript--DIRECT--RefSeq mRNA--DIRECT--Entrez Gene--DIRECT--UniGene--INFERRED--Ensembl Gene
	4: Ensembl Protein--DIRECT--Ensembl Transcript--DIRECT--RefSeq mRNA--DIRECT--Entrez Gene--INFERRED--Ensembl Gene--DIRECT--UniGene
1231163	ENSG00000120738	Hs.326035	ENST00000239938	ENSP00000239938	0.7692308
Associated Order of Node traversal with Set: 1231163
	1: UniGene--DIRECT--Entrez Gene--INFERRED--Ensembl Gene--DIRECT--Ensembl Transcript--DIRECT--Ensembl Protein
	2: Ensembl Protein--DIRECT--Ensembl Transcript--DIRECT--Ensembl Gene--DIRECT--Entrez Gene--DIRECT--UniGene
1231189	ENSG00000120738	Hs.326035	ENST00000239938	ENSP00000239938	0.7692308
Associated Order of Node traversal with Set: 1231189
	1: Ensembl Protein--DIRECT--UniProtKB--DIRECT--RefSeq Protein--DIRECT--RefSeq mRNA--INFERRED--Ensembl Transcript--DIRECT--Ensembl Gene--DIRECT--UniGene
1231192	ENSG00000120738	Hs.326035	ENST00000239938	ENSP00000239938	0.7692308
Associated Order of Node traversal with Set: 1231192
	1: Ensembl Protein--DIRECT--RefSeq Protein--DIRECT--RefSeq mRNA--INFERRED--Ensembl Transcript--DIRECT--Ensembl Gene--DIRECT--UniGene
1231203	ENSG00000120738	Hs.326035	ENST00000239938	ENSP00000239938	0.7692308
Associated Order of Node traversal with Set: 1231203
	1: Ensembl Protein--DIRECT--Ensembl Transcript--DIRECT--Ensembl Gene--DIRECT--UniGene
	2: UniGene--INFERRED--Ensembl Gene--DIRECT--Ensembl Transcript--DIRECT--Ensembl Protein


-------------------------------------------------
Executing Search with Frequency criteria Test case
Set ID 	Ensembl Gene	UniGene	Ensembl Transcript	Ensembl Protein	Confidence Score
1231144	ENSG00000120738	Hs.326035	ENST00000239938	ENSP00000239938	0.7692308
Associated Order of Node traversal with Set: 1231144
	1: Ensembl Transcript--DIRECT--Ensembl Protein--DIRECT--UniProtKB--DIRECT--RefSeq Protein--DIRECT--RefSeq mRNA--DIRECT--Entrez Gene--INFERRED--Ensembl Gene--DIRECT--UniGene
	2: Ensembl Gene--DIRECT--Ensembl Transcript--DIRECT--Ensembl Protein--DIRECT--UniProtKB--DIRECT--RefSeq Protein--DIRECT--RefSeq mRNA--DIRECT--Entrez Gene--DIRECT--UniGene
	3: Ensembl Transcript--DIRECT--Ensembl Protein--DIRECT--UniProtKB--DIRECT--RefSeq Protein--DIRECT--RefSeq mRNA--DIRECT--Entrez Gene--DIRECT--UniGene--INFERRED--Ensembl Gene
	4: Ensembl Protein--DIRECT--UniProtKB--DIRECT--RefSeq Protein--DIRECT--RefSeq mRNA--INFERRED--Ensembl Transcript--DIRECT--Ensembl Gene--DIRECT--Entrez Gene--DIRECT--UniGene
	5: Ensembl Protein--DIRECT--UniProtKB--DIRECT--RefSeq Protein--DIRECT--RefSeq mRNA--DIRECT--Entrez Gene--DIRECT--UniGene--INFERRED--Ensembl Gene--DIRECT--Ensembl Transcript
1231151	ENSG00000120738	Hs.326035	ENST00000239938	ENSP00000239938	0.7692308
Associated Order of Node traversal with Set: 1231151
	1: Ensembl Protein--DIRECT--RefSeq Protein--DIRECT--RefSeq mRNA--DIRECT--Entrez Gene--DIRECT--UniGene--INFERRED--Ensembl Gene--DIRECT--Ensembl Transcript
	2: Ensembl Protein--DIRECT--RefSeq Protein--DIRECT--RefSeq mRNA--INFERRED--Ensembl Transcript--DIRECT--Ensembl Gene--DIRECT--Entrez Gene--DIRECT--UniGene
	3: Ensembl Transcript--DIRECT--Ensembl Protein--DIRECT--RefSeq Protein--DIRECT--RefSeq mRNA--DIRECT--Entrez Gene--DIRECT--UniGene--INFERRED--Ensembl Gene
	4: Ensembl Gene--DIRECT--Ensembl Transcript--DIRECT--Ensembl Protein--DIRECT--RefSeq Protein--DIRECT--RefSeq mRNA--DIRECT--Entrez Gene--DIRECT--UniGene
	5: Ensembl Transcript--DIRECT--Ensembl Protein--DIRECT--RefSeq Protein--DIRECT--RefSeq mRNA--DIRECT--Entrez Gene--INFERRED--Ensembl Gene--DIRECT--UniGene
1231152	ENSG00000120738	Hs.326035	ENST00000239938	ENSP00000239938	0.7692308
Associated Order of Node traversal with Set: 1231152
	1: Ensembl Gene--DIRECT--UniGene--DIRECT--Entrez Gene--DIRECT--RefSeq mRNA--INFERRED--Ensembl Transcript--DIRECT--Ensembl Protein
	2: UniGene--INFERRED--Ensembl Gene--DIRECT--Entrez Gene--DIRECT--RefSeq mRNA--INFERRED--Ensembl Transcript--DIRECT--Ensembl Protein
	3: Ensembl Protein--DIRECT--Ensembl Transcript--DIRECT--RefSeq mRNA--DIRECT--Entrez Gene--DIRECT--UniGene--INFERRED--Ensembl Gene
	4: Ensembl Protein--DIRECT--Ensembl Transcript--DIRECT--RefSeq mRNA--DIRECT--Entrez Gene--INFERRED--Ensembl Gene--DIRECT--UniGene
1231163	ENSG00000120738	Hs.326035	ENST00000239938	ENSP00000239938	0.7692308
Associated Order of Node traversal with Set: 1231163
	1: UniGene--DIRECT--Entrez Gene--INFERRED--Ensembl Gene--DIRECT--Ensembl Transcript--DIRECT--Ensembl Protein
	2: Ensembl Protein--DIRECT--Ensembl Transcript--DIRECT--Ensembl Gene--DIRECT--Entrez Gene--DIRECT--UniGene
1231189	ENSG00000120738	Hs.326035	ENST00000239938	ENSP00000239938	0.7692308
Associated Order of Node traversal with Set: 1231189
	1: Ensembl Protein--DIRECT--UniProtKB--DIRECT--RefSeq Protein--DIRECT--RefSeq mRNA--INFERRED--Ensembl Transcript--DIRECT--Ensembl Gene--DIRECT--UniGene
1231192	ENSG00000120738	Hs.326035	ENST00000239938	ENSP00000239938	0.7692308
Associated Order of Node traversal with Set: 1231192
	1: Ensembl Protein--DIRECT--RefSeq Protein--DIRECT--RefSeq mRNA--INFERRED--Ensembl Transcript--DIRECT--Ensembl Gene--DIRECT--UniGene
1231203	ENSG00000120738	Hs.326035	ENST00000239938	ENSP00000239938	0.7692308
Associated Order of Node traversal with Set: 1231203
	1: Ensembl Protein--DIRECT--Ensembl Transcript--DIRECT--Ensembl Gene--DIRECT--UniGene
	2: UniGene--INFERRED--Ensembl Gene--DIRECT--Ensembl Transcript--DIRECT--Ensembl Protein


-------------------------------------------------
Executing Search with ONT criteria Test case
Set ID 	Ensembl Gene	UniGene	Ensembl Transcript	Ensembl Protein	Confidence Score
1231203	ENSG00000120738	Hs.326035	ENST00000239938	ENSP00000239938	1.0
Associated Order of Node traversal with Set: 1231203
	1: UniGene--INFERRED--Ensembl Gene--DIRECT--Ensembl Transcript--DIRECT--Ensembl Protein
]]></system-out>
  <system-err><![CDATA[log4j:WARN No appenders could be found for logger (org.springframework.beans.factory.xml.XmlBeanDefinitionReader).
log4j:WARN Please initialize the log4j system properly.
]]></system-err>
</testsuite>
